<?xml version="1.0" encoding="UTF-8"?>
<testsuite xmlns:xsi="http://www.w3.org/2001/XMLSchema-instance" xsi:noNamespaceSchemaLocation="https://maven.apache.org/surefire/maven-surefire-plugin/xsd/surefire-test-report.xsd" name="br.com.veloe.mecanicafinanceira.concilialancamento.core.service.impl.MFCyberClientServiceImplTest" time="0.881" tests="2" errors="1" skipped="0" failures="1">
  <properties>
    <property name="sun.desktop" value="gnome"/>
    <property name="awt.toolkit" value="sun.awt.X11.XToolkit"/>
    <property name="java.specification.version" value="11"/>
    <property name="sun.cpu.isalist" value=""/>
    <property name="sun.jnu.encoding" value="UTF-8"/>
    <property name="java.class.path" value="/home/joao.weege/Documentos/workspace/concilia-lancamento/target/test-classes:/home/joao.weege/Documentos/workspace/concilia-lancamento/target/classes:/home/joao.weege/.m2/repository/org/springframework/boot/spring-boot-starter-security/2.5.2/spring-boot-starter-security-2.5.2.jar:/home/joao.weege/.m2/repository/org/springframework/boot/spring-boot-starter/2.5.2/spring-boot-starter-2.5.2.jar:/home/joao.weege/.m2/repository/org/springframework/boot/spring-boot/2.5.2/spring-boot-2.5.2.jar:/home/joao.weege/.m2/repository/org/springframework/boot/spring-boot-starter-logging/2.5.2/spring-boot-starter-logging-2.5.2.jar:/home/joao.weege/.m2/repository/ch/qos/logback/logback-classic/1.2.3/logback-classic-1.2.3.jar:/home/joao.weege/.m2/repository/ch/qos/logback/logback-core/1.2.3/logback-core-1.2.3.jar:/home/joao.weege/.m2/repository/org/apache/logging/log4j/log4j-to-slf4j/2.14.1/log4j-to-slf4j-2.14.1.jar:/home/joao.weege/.m2/repository/org/apache/logging/log4j/log4j-api/2.14.1/log4j-api-2.14.1.jar:/home/joao.weege/.m2/repository/org/slf4j/jul-to-slf4j/1.7.31/jul-to-slf4j-1.7.31.jar:/home/joao.weege/.m2/repository/jakarta/annotation/jakarta.annotation-api/1.3.5/jakarta.annotation-api-1.3.5.jar:/home/joao.weege/.m2/repository/org/yaml/snakeyaml/1.28/snakeyaml-1.28.jar:/home/joao.weege/.m2/repository/org/springframework/spring-aop/5.3.8/spring-aop-5.3.8.jar:/home/joao.weege/.m2/repository/org/springframework/spring-beans/5.3.8/spring-beans-5.3.8.jar:/home/joao.weege/.m2/repository/org/springframework/security/spring-security-config/5.5.1/spring-security-config-5.5.1.jar:/home/joao.weege/.m2/repository/org/springframework/security/spring-security-web/5.5.1/spring-security-web-5.5.1.jar:/home/joao.weege/.m2/repository/org/springframework/spring-expression/5.3.8/spring-expression-5.3.8.jar:/home/joao.weege/.m2/repository/org/springframework/boot/spring-boot-starter-web/2.5.2/spring-boot-starter-web-2.5.2.jar:/home/joao.weege/.m2/repository/org/springframework/boot/spring-boot-starter-json/2.5.2/spring-boot-starter-json-2.5.2.jar:/home/joao.weege/.m2/repository/com/fasterxml/jackson/datatype/jackson-datatype-jdk8/2.12.3/jackson-datatype-jdk8-2.12.3.jar:/home/joao.weege/.m2/repository/com/fasterxml/jackson/datatype/jackson-datatype-jsr310/2.12.3/jackson-datatype-jsr310-2.12.3.jar:/home/joao.weege/.m2/repository/com/fasterxml/jackson/module/jackson-module-parameter-names/2.12.3/jackson-module-parameter-names-2.12.3.jar:/home/joao.weege/.m2/repository/org/springframework/boot/spring-boot-starter-tomcat/2.5.2/spring-boot-starter-tomcat-2.5.2.jar:/home/joao.weege/.m2/repository/org/apache/tomcat/embed/tomcat-embed-core/9.0.48/tomcat-embed-core-9.0.48.jar:/home/joao.weege/.m2/repository/org/apache/tomcat/embed/tomcat-embed-el/9.0.48/tomcat-embed-el-9.0.48.jar:/home/joao.weege/.m2/repository/org/apache/tomcat/embed/tomcat-embed-websocket/9.0.48/tomcat-embed-websocket-9.0.48.jar:/home/joao.weege/.m2/repository/org/springframework/spring-web/5.3.8/spring-web-5.3.8.jar:/home/joao.weege/.m2/repository/org/springframework/spring-webmvc/5.3.8/spring-webmvc-5.3.8.jar:/home/joao.weege/.m2/repository/org/springframework/boot/spring-boot-starter-actuator/2.5.2/spring-boot-starter-actuator-2.5.2.jar:/home/joao.weege/.m2/repository/org/springframework/boot/spring-boot-actuator-autoconfigure/2.5.2/spring-boot-actuator-autoconfigure-2.5.2.jar:/home/joao.weege/.m2/repository/org/springframework/boot/spring-boot-actuator/2.5.2/spring-boot-actuator-2.5.2.jar:/home/joao.weege/.m2/repository/io/micrometer/micrometer-core/1.7.1/micrometer-core-1.7.1.jar:/home/joao.weege/.m2/repository/org/hdrhistogram/HdrHistogram/2.1.12/HdrHistogram-2.1.12.jar:/home/joao.weege/.m2/repository/org/latencyutils/LatencyUtils/2.0.3/LatencyUtils-2.0.3.jar:/home/joao.weege/.m2/repository/org/springframework/cloud/spring-cloud-starter-bootstrap/3.0.3/spring-cloud-starter-bootstrap-3.0.3.jar:/home/joao.weege/.m2/repository/org/springframework/cloud/spring-cloud-starter/3.0.3/spring-cloud-starter-3.0.3.jar:/home/joao.weege/.m2/repository/org/springframework/security/spring-security-rsa/1.0.10.RELEASE/spring-security-rsa-1.0.10.RELEASE.jar:/home/joao.weege/.m2/repository/org/bouncycastle/bcpkix-jdk15on/1.68/bcpkix-jdk15on-1.68.jar:/home/joao.weege/.m2/repository/org/bouncycastle/bcprov-jdk15on/1.68/bcprov-jdk15on-1.68.jar:/home/joao.weege/.m2/repository/org/springframework/cloud/spring-cloud-config-client/3.0.4/spring-cloud-config-client-3.0.4.jar:/home/joao.weege/.m2/repository/org/springframework/boot/spring-boot-autoconfigure/2.5.2/spring-boot-autoconfigure-2.5.2.jar:/home/joao.weege/.m2/repository/org/springframework/cloud/spring-cloud-commons/3.0.3/spring-cloud-commons-3.0.3.jar:/home/joao.weege/.m2/repository/org/springframework/security/spring-security-crypto/5.5.1/spring-security-crypto-5.5.1.jar:/home/joao.weege/.m2/repository/org/springframework/cloud/spring-cloud-context/3.0.3/spring-cloud-context-3.0.3.jar:/home/joao.weege/.m2/repository/com/fasterxml/jackson/core/jackson-annotations/2.12.3/jackson-annotations-2.12.3.jar:/home/joao.weege/.m2/repository/com/fasterxml/jackson/core/jackson-databind/2.12.3/jackson-databind-2.12.3.jar:/home/joao.weege/.m2/repository/com/fasterxml/jackson/core/jackson-core/2.12.3/jackson-core-2.12.3.jar:/home/joao.weege/.m2/repository/org/apache/httpcomponents/httpclient/4.5.13/httpclient-4.5.13.jar:/home/joao.weege/.m2/repository/org/apache/httpcomponents/httpcore/4.4.14/httpcore-4.4.14.jar:/home/joao.weege/.m2/repository/commons-codec/commons-codec/1.15/commons-codec-1.15.jar:/home/joao.weege/.m2/repository/org/springframework/boot/spring-boot-starter-test/2.5.2/spring-boot-starter-test-2.5.2.jar:/home/joao.weege/.m2/repository/org/springframework/boot/spring-boot-test/2.5.2/spring-boot-test-2.5.2.jar:/home/joao.weege/.m2/repository/org/springframework/boot/spring-boot-test-autoconfigure/2.5.2/spring-boot-test-autoconfigure-2.5.2.jar:/home/joao.weege/.m2/repository/com/jayway/jsonpath/json-path/2.5.0/json-path-2.5.0.jar:/home/joao.weege/.m2/repository/net/minidev/json-smart/2.4.7/json-smart-2.4.7.jar:/home/joao.weege/.m2/repository/net/minidev/accessors-smart/2.4.7/accessors-smart-2.4.7.jar:/home/joao.weege/.m2/repository/org/ow2/asm/asm/9.1/asm-9.1.jar:/home/joao.weege/.m2/repository/jakarta/xml/bind/jakarta.xml.bind-api/2.3.3/jakarta.xml.bind-api-2.3.3.jar:/home/joao.weege/.m2/repository/jakarta/activation/jakarta.activation-api/1.2.2/jakarta.activation-api-1.2.2.jar:/home/joao.weege/.m2/repository/org/assertj/assertj-core/3.19.0/assertj-core-3.19.0.jar:/home/joao.weege/.m2/repository/org/hamcrest/hamcrest/2.2/hamcrest-2.2.jar:/home/joao.weege/.m2/repository/org/junit/jupiter/junit-jupiter/5.7.2/junit-jupiter-5.7.2.jar:/home/joao.weege/.m2/repository/org/junit/jupiter/junit-jupiter-api/5.7.2/junit-jupiter-api-5.7.2.jar:/home/joao.weege/.m2/repository/org/apiguardian/apiguardian-api/1.1.0/apiguardian-api-1.1.0.jar:/home/joao.weege/.m2/repository/org/opentest4j/opentest4j/1.2.0/opentest4j-1.2.0.jar:/home/joao.weege/.m2/repository/org/junit/platform/junit-platform-commons/1.7.2/junit-platform-commons-1.7.2.jar:/home/joao.weege/.m2/repository/org/junit/jupiter/junit-jupiter-params/5.7.2/junit-jupiter-params-5.7.2.jar:/home/joao.weege/.m2/repository/org/junit/jupiter/junit-jupiter-engine/5.7.2/junit-jupiter-engine-5.7.2.jar:/home/joao.weege/.m2/repository/org/junit/platform/junit-platform-engine/1.7.2/junit-platform-engine-1.7.2.jar:/home/joao.weege/.m2/repository/org/mockito/mockito-core/3.9.0/mockito-core-3.9.0.jar:/home/joao.weege/.m2/repository/net/bytebuddy/byte-buddy/1.10.22/byte-buddy-1.10.22.jar:/home/joao.weege/.m2/repository/net/bytebuddy/byte-buddy-agent/1.10.22/byte-buddy-agent-1.10.22.jar:/home/joao.weege/.m2/repository/org/objenesis/objenesis/3.2/objenesis-3.2.jar:/home/joao.weege/.m2/repository/org/mockito/mockito-junit-jupiter/3.9.0/mockito-junit-jupiter-3.9.0.jar:/home/joao.weege/.m2/repository/org/skyscreamer/jsonassert/1.5.0/jsonassert-1.5.0.jar:/home/joao.weege/.m2/repository/com/vaadin/external/google/android-json/0.0.20131108.vaadin1/android-json-0.0.20131108.vaadin1.jar:/home/joao.weege/.m2/repository/org/springframework/spring-core/5.3.8/spring-core-5.3.8.jar:/home/joao.weege/.m2/repository/org/springframework/spring-jcl/5.3.8/spring-jcl-5.3.8.jar:/home/joao.weege/.m2/repository/org/springframework/spring-test/5.3.8/spring-test-5.3.8.jar:/home/joao.weege/.m2/repository/org/xmlunit/xmlunit-core/2.8.2/xmlunit-core-2.8.2.jar:/home/joao.weege/.m2/repository/org/springframework/security/spring-security-test/5.5.1/spring-security-test-5.5.1.jar:/home/joao.weege/.m2/repository/org/springframework/security/spring-security-core/5.5.1/spring-security-core-5.5.1.jar:/home/joao.weege/.m2/repository/org/jacoco/org.jacoco.agent/0.8.5/org.jacoco.agent-0.8.5-runtime.jar:/home/joao.weege/.m2/repository/org/projectlombok/lombok/1.18.20/lombok-1.18.20.jar:/home/joao.weege/.m2/repository/org/apache/commons/commons-lang3/3.12.0/commons-lang3-3.12.0.jar:/home/joao.weege/.m2/repository/com/google/code/gson/gson/2.8.7/gson-2.8.7.jar:/home/joao.weege/.m2/repository/org/springdoc/springdoc-openapi-ui/1.5.9/springdoc-openapi-ui-1.5.9.jar:/home/joao.weege/.m2/repository/org/springdoc/springdoc-openapi-webmvc-core/1.5.9/springdoc-openapi-webmvc-core-1.5.9.jar:/home/joao.weege/.m2/repository/org/springdoc/springdoc-openapi-common/1.5.9/springdoc-openapi-common-1.5.9.jar:/home/joao.weege/.m2/repository/io/swagger/core/v3/swagger-models/2.1.9/swagger-models-2.1.9.jar:/home/joao.weege/.m2/repository/io/swagger/core/v3/swagger-annotations/2.1.9/swagger-annotations-2.1.9.jar:/home/joao.weege/.m2/repository/io/swagger/core/v3/swagger-integration/2.1.9/swagger-integration-2.1.9.jar:/home/joao.weege/.m2/repository/io/swagger/core/v3/swagger-core/2.1.9/swagger-core-2.1.9.jar:/home/joao.weege/.m2/repository/com/fasterxml/jackson/dataformat/jackson-dataformat-yaml/2.12.3/jackson-dataformat-yaml-2.12.3.jar:/home/joao.weege/.m2/repository/jakarta/validation/jakarta.validation-api/2.0.2/jakarta.validation-api-2.0.2.jar:/home/joao.weege/.m2/repository/io/github/classgraph/classgraph/4.8.69/classgraph-4.8.69.jar:/home/joao.weege/.m2/repository/org/webjars/swagger-ui/3.49.0/swagger-ui-3.49.0.jar:/home/joao.weege/.m2/repository/org/webjars/webjars-locator-core/0.46/webjars-locator-core-0.46.jar:/home/joao.weege/.m2/repository/org/springframework/kafka/spring-kafka/2.7.3/spring-kafka-2.7.3.jar:/home/joao.weege/.m2/repository/org/springframework/spring-context/5.3.8/spring-context-5.3.8.jar:/home/joao.weege/.m2/repository/org/springframework/spring-messaging/5.3.8/spring-messaging-5.3.8.jar:/home/joao.weege/.m2/repository/org/springframework/spring-tx/5.3.8/spring-tx-5.3.8.jar:/home/joao.weege/.m2/repository/org/springframework/retry/spring-retry/1.3.1/spring-retry-1.3.1.jar:/home/joao.weege/.m2/repository/javax/annotation/javax.annotation-api/1.3.2/javax.annotation-api-1.3.2.jar:/home/joao.weege/.m2/repository/org/apache/kafka/kafka-clients/2.7.1/kafka-clients-2.7.1.jar:/home/joao.weege/.m2/repository/com/github/luben/zstd-jni/1.4.5-6/zstd-jni-1.4.5-6.jar:/home/joao.weege/.m2/repository/org/lz4/lz4-java/1.7.1/lz4-java-1.7.1.jar:/home/joao.weege/.m2/repository/org/jetbrains/kotlin/kotlin-stdlib/1.5.20/kotlin-stdlib-1.5.20.jar:/home/joao.weege/.m2/repository/org/jetbrains/annotations/13.0/annotations-13.0.jar:/home/joao.weege/.m2/repository/org/jetbrains/kotlin/kotlin-stdlib-common/1.5.20/kotlin-stdlib-common-1.5.20.jar:/home/joao.weege/.m2/repository/com/google/code/findbugs/jsr305/3.0.2/jsr305-3.0.2.jar:/home/joao.weege/.m2/repository/org/springframework/cloud/spring-cloud-stream-binder-kafka-streams/3.1.3/spring-cloud-stream-binder-kafka-streams-3.1.3.jar:/home/joao.weege/.m2/repository/org/springframework/cloud/spring-cloud-stream-binder-kafka-core/3.1.3/spring-cloud-stream-binder-kafka-core-3.1.3.jar:/home/joao.weege/.m2/repository/org/springframework/cloud/spring-cloud-stream/3.1.3/spring-cloud-stream-3.1.3.jar:/home/joao.weege/.m2/repository/org/springframework/boot/spring-boot-starter-validation/2.5.2/spring-boot-starter-validation-2.5.2.jar:/home/joao.weege/.m2/repository/org/hibernate/validator/hibernate-validator/6.2.0.Final/hibernate-validator-6.2.0.Final.jar:/home/joao.weege/.m2/repository/org/jboss/logging/jboss-logging/3.4.2.Final/jboss-logging-3.4.2.Final.jar:/home/joao.weege/.m2/repository/com/fasterxml/classmate/1.5.1/classmate-1.5.1.jar:/home/joao.weege/.m2/repository/org/springframework/integration/spring-integration-core/5.5.1/spring-integration-core-5.5.1.jar:/home/joao.weege/.m2/repository/io/projectreactor/reactor-core/3.4.7/reactor-core-3.4.7.jar:/home/joao.weege/.m2/repository/org/reactivestreams/reactive-streams/1.0.3/reactive-streams-1.0.3.jar:/home/joao.weege/.m2/repository/org/springframework/integration/spring-integration-jmx/5.5.1/spring-integration-jmx-5.5.1.jar:/home/joao.weege/.m2/repository/org/springframework/cloud/spring-cloud-function-context/3.1.3/spring-cloud-function-context-3.1.3.jar:/home/joao.weege/.m2/repository/net/jodah/typetools/0.6.2/typetools-0.6.2.jar:/home/joao.weege/.m2/repository/org/springframework/cloud/spring-cloud-function-core/3.1.3/spring-cloud-function-core-3.1.3.jar:/home/joao.weege/.m2/repository/org/springframework/integration/spring-integration-kafka/5.5.1/spring-integration-kafka-5.5.1.jar:/home/joao.weege/.m2/repository/org/apache/kafka/kafka-streams/2.7.1/kafka-streams-2.7.1.jar:/home/joao.weege/.m2/repository/org/apache/kafka/connect-json/2.7.1/connect-json-2.7.1.jar:/home/joao.weege/.m2/repository/org/apache/kafka/connect-api/2.7.1/connect-api-2.7.1.jar:/home/joao.weege/.m2/repository/org/rocksdb/rocksdbjni/5.18.4/rocksdbjni-5.18.4.jar:/home/joao.weege/.m2/repository/io/confluent/kafka-avro-serializer/5.2.0/kafka-avro-serializer-5.2.0.jar:/home/joao.weege/.m2/repository/io/confluent/kafka-schema-registry-client/5.2.0/kafka-schema-registry-client-5.2.0.jar:/home/joao.weege/.m2/repository/io/confluent/common-config/5.2.0/common-config-5.2.0.jar:/home/joao.weege/.m2/repository/io/confluent/common-utils/5.2.0/common-utils-5.2.0.jar:/home/joao.weege/.m2/repository/com/101tec/zkclient/0.10/zkclient-0.10.jar:/home/joao.weege/.m2/repository/io/confluent/kafka-streams-avro-serde/5.2.0/kafka-streams-avro-serde-5.2.0.jar:/home/joao.weege/.m2/repository/org/apache/avro/avro/1.8.2/avro-1.8.2.jar:/home/joao.weege/.m2/repository/org/codehaus/jackson/jackson-core-asl/1.9.13/jackson-core-asl-1.9.13.jar:/home/joao.weege/.m2/repository/org/codehaus/jackson/jackson-mapper-asl/1.9.13/jackson-mapper-asl-1.9.13.jar:/home/joao.weege/.m2/repository/com/thoughtworks/paranamer/paranamer/2.7/paranamer-2.7.jar:/home/joao.weege/.m2/repository/org/xerial/snappy/snappy-java/1.1.1.3/snappy-java-1.1.1.3.jar:/home/joao.weege/.m2/repository/org/apache/commons/commons-compress/1.8.1/commons-compress-1.8.1.jar:/home/joao.weege/.m2/repository/org/tukaani/xz/1.5/xz-1.5.jar:/home/joao.weege/.m2/repository/org/slf4j/slf4j-api/1.7.31/slf4j-api-1.7.31.jar:"/>
    <property name="java.vm.vendor" value="Ubuntu"/>
    <property name="sun.arch.data.model" value="64"/>
    <property name="java.vendor.url" value="https://ubuntu.com/"/>
    <property name="user.timezone" value=""/>
    <property name="java.vm.specification.version" value="11"/>
    <property name="os.name" value="Linux"/>
    <property name="sun.java.launcher" value="SUN_STANDARD"/>
    <property name="user.country" value="BR"/>
    <property name="sun.boot.library.path" value="/usr/lib/jvm/java-11-openjdk-amd64/lib"/>
    <property name="sun.java.command" value="/home/joao.weege/Documentos/workspace/concilia-lancamento/target/surefire/surefirebooter6659966623916041635.jar /home/joao.weege/Documentos/workspace/concilia-lancamento/target/surefire 2021-08-06T10-45-13_540-jvmRun1 surefire17238986325632706021tmp surefire_09955337178536595619tmp"/>
    <property name="jdk.debug" value="release"/>
    <property name="surefire.test.class.path" value="/home/joao.weege/Documentos/workspace/concilia-lancamento/target/test-classes:/home/joao.weege/Documentos/workspace/concilia-lancamento/target/classes:/home/joao.weege/.m2/repository/org/springframework/boot/spring-boot-starter-security/2.5.2/spring-boot-starter-security-2.5.2.jar:/home/joao.weege/.m2/repository/org/springframework/boot/spring-boot-starter/2.5.2/spring-boot-starter-2.5.2.jar:/home/joao.weege/.m2/repository/org/springframework/boot/spring-boot/2.5.2/spring-boot-2.5.2.jar:/home/joao.weege/.m2/repository/org/springframework/boot/spring-boot-starter-logging/2.5.2/spring-boot-starter-logging-2.5.2.jar:/home/joao.weege/.m2/repository/ch/qos/logback/logback-classic/1.2.3/logback-classic-1.2.3.jar:/home/joao.weege/.m2/repository/ch/qos/logback/logback-core/1.2.3/logback-core-1.2.3.jar:/home/joao.weege/.m2/repository/org/apache/logging/log4j/log4j-to-slf4j/2.14.1/log4j-to-slf4j-2.14.1.jar:/home/joao.weege/.m2/repository/org/apache/logging/log4j/log4j-api/2.14.1/log4j-api-2.14.1.jar:/home/joao.weege/.m2/repository/org/slf4j/jul-to-slf4j/1.7.31/jul-to-slf4j-1.7.31.jar:/home/joao.weege/.m2/repository/jakarta/annotation/jakarta.annotation-api/1.3.5/jakarta.annotation-api-1.3.5.jar:/home/joao.weege/.m2/repository/org/yaml/snakeyaml/1.28/snakeyaml-1.28.jar:/home/joao.weege/.m2/repository/org/springframework/spring-aop/5.3.8/spring-aop-5.3.8.jar:/home/joao.weege/.m2/repository/org/springframework/spring-beans/5.3.8/spring-beans-5.3.8.jar:/home/joao.weege/.m2/repository/org/springframework/security/spring-security-config/5.5.1/spring-security-config-5.5.1.jar:/home/joao.weege/.m2/repository/org/springframework/security/spring-security-web/5.5.1/spring-security-web-5.5.1.jar:/home/joao.weege/.m2/repository/org/springframework/spring-expression/5.3.8/spring-expression-5.3.8.jar:/home/joao.weege/.m2/repository/org/springframework/boot/spring-boot-starter-web/2.5.2/spring-boot-starter-web-2.5.2.jar:/home/joao.weege/.m2/repository/org/springframework/boot/spring-boot-starter-json/2.5.2/spring-boot-starter-json-2.5.2.jar:/home/joao.weege/.m2/repository/com/fasterxml/jackson/datatype/jackson-datatype-jdk8/2.12.3/jackson-datatype-jdk8-2.12.3.jar:/home/joao.weege/.m2/repository/com/fasterxml/jackson/datatype/jackson-datatype-jsr310/2.12.3/jackson-datatype-jsr310-2.12.3.jar:/home/joao.weege/.m2/repository/com/fasterxml/jackson/module/jackson-module-parameter-names/2.12.3/jackson-module-parameter-names-2.12.3.jar:/home/joao.weege/.m2/repository/org/springframework/boot/spring-boot-starter-tomcat/2.5.2/spring-boot-starter-tomcat-2.5.2.jar:/home/joao.weege/.m2/repository/org/apache/tomcat/embed/tomcat-embed-core/9.0.48/tomcat-embed-core-9.0.48.jar:/home/joao.weege/.m2/repository/org/apache/tomcat/embed/tomcat-embed-el/9.0.48/tomcat-embed-el-9.0.48.jar:/home/joao.weege/.m2/repository/org/apache/tomcat/embed/tomcat-embed-websocket/9.0.48/tomcat-embed-websocket-9.0.48.jar:/home/joao.weege/.m2/repository/org/springframework/spring-web/5.3.8/spring-web-5.3.8.jar:/home/joao.weege/.m2/repository/org/springframework/spring-webmvc/5.3.8/spring-webmvc-5.3.8.jar:/home/joao.weege/.m2/repository/org/springframework/boot/spring-boot-starter-actuator/2.5.2/spring-boot-starter-actuator-2.5.2.jar:/home/joao.weege/.m2/repository/org/springframework/boot/spring-boot-actuator-autoconfigure/2.5.2/spring-boot-actuator-autoconfigure-2.5.2.jar:/home/joao.weege/.m2/repository/org/springframework/boot/spring-boot-actuator/2.5.2/spring-boot-actuator-2.5.2.jar:/home/joao.weege/.m2/repository/io/micrometer/micrometer-core/1.7.1/micrometer-core-1.7.1.jar:/home/joao.weege/.m2/repository/org/hdrhistogram/HdrHistogram/2.1.12/HdrHistogram-2.1.12.jar:/home/joao.weege/.m2/repository/org/latencyutils/LatencyUtils/2.0.3/LatencyUtils-2.0.3.jar:/home/joao.weege/.m2/repository/org/springframework/cloud/spring-cloud-starter-bootstrap/3.0.3/spring-cloud-starter-bootstrap-3.0.3.jar:/home/joao.weege/.m2/repository/org/springframework/cloud/spring-cloud-starter/3.0.3/spring-cloud-starter-3.0.3.jar:/home/joao.weege/.m2/repository/org/springframework/security/spring-security-rsa/1.0.10.RELEASE/spring-security-rsa-1.0.10.RELEASE.jar:/home/joao.weege/.m2/repository/org/bouncycastle/bcpkix-jdk15on/1.68/bcpkix-jdk15on-1.68.jar:/home/joao.weege/.m2/repository/org/bouncycastle/bcprov-jdk15on/1.68/bcprov-jdk15on-1.68.jar:/home/joao.weege/.m2/repository/org/springframework/cloud/spring-cloud-config-client/3.0.4/spring-cloud-config-client-3.0.4.jar:/home/joao.weege/.m2/repository/org/springframework/boot/spring-boot-autoconfigure/2.5.2/spring-boot-autoconfigure-2.5.2.jar:/home/joao.weege/.m2/repository/org/springframework/cloud/spring-cloud-commons/3.0.3/spring-cloud-commons-3.0.3.jar:/home/joao.weege/.m2/repository/org/springframework/security/spring-security-crypto/5.5.1/spring-security-crypto-5.5.1.jar:/home/joao.weege/.m2/repository/org/springframework/cloud/spring-cloud-context/3.0.3/spring-cloud-context-3.0.3.jar:/home/joao.weege/.m2/repository/com/fasterxml/jackson/core/jackson-annotations/2.12.3/jackson-annotations-2.12.3.jar:/home/joao.weege/.m2/repository/com/fasterxml/jackson/core/jackson-databind/2.12.3/jackson-databind-2.12.3.jar:/home/joao.weege/.m2/repository/com/fasterxml/jackson/core/jackson-core/2.12.3/jackson-core-2.12.3.jar:/home/joao.weege/.m2/repository/org/apache/httpcomponents/httpclient/4.5.13/httpclient-4.5.13.jar:/home/joao.weege/.m2/repository/org/apache/httpcomponents/httpcore/4.4.14/httpcore-4.4.14.jar:/home/joao.weege/.m2/repository/commons-codec/commons-codec/1.15/commons-codec-1.15.jar:/home/joao.weege/.m2/repository/org/springframework/boot/spring-boot-starter-test/2.5.2/spring-boot-starter-test-2.5.2.jar:/home/joao.weege/.m2/repository/org/springframework/boot/spring-boot-test/2.5.2/spring-boot-test-2.5.2.jar:/home/joao.weege/.m2/repository/org/springframework/boot/spring-boot-test-autoconfigure/2.5.2/spring-boot-test-autoconfigure-2.5.2.jar:/home/joao.weege/.m2/repository/com/jayway/jsonpath/json-path/2.5.0/json-path-2.5.0.jar:/home/joao.weege/.m2/repository/net/minidev/json-smart/2.4.7/json-smart-2.4.7.jar:/home/joao.weege/.m2/repository/net/minidev/accessors-smart/2.4.7/accessors-smart-2.4.7.jar:/home/joao.weege/.m2/repository/org/ow2/asm/asm/9.1/asm-9.1.jar:/home/joao.weege/.m2/repository/jakarta/xml/bind/jakarta.xml.bind-api/2.3.3/jakarta.xml.bind-api-2.3.3.jar:/home/joao.weege/.m2/repository/jakarta/activation/jakarta.activation-api/1.2.2/jakarta.activation-api-1.2.2.jar:/home/joao.weege/.m2/repository/org/assertj/assertj-core/3.19.0/assertj-core-3.19.0.jar:/home/joao.weege/.m2/repository/org/hamcrest/hamcrest/2.2/hamcrest-2.2.jar:/home/joao.weege/.m2/repository/org/junit/jupiter/junit-jupiter/5.7.2/junit-jupiter-5.7.2.jar:/home/joao.weege/.m2/repository/org/junit/jupiter/junit-jupiter-api/5.7.2/junit-jupiter-api-5.7.2.jar:/home/joao.weege/.m2/repository/org/apiguardian/apiguardian-api/1.1.0/apiguardian-api-1.1.0.jar:/home/joao.weege/.m2/repository/org/opentest4j/opentest4j/1.2.0/opentest4j-1.2.0.jar:/home/joao.weege/.m2/repository/org/junit/platform/junit-platform-commons/1.7.2/junit-platform-commons-1.7.2.jar:/home/joao.weege/.m2/repository/org/junit/jupiter/junit-jupiter-params/5.7.2/junit-jupiter-params-5.7.2.jar:/home/joao.weege/.m2/repository/org/junit/jupiter/junit-jupiter-engine/5.7.2/junit-jupiter-engine-5.7.2.jar:/home/joao.weege/.m2/repository/org/junit/platform/junit-platform-engine/1.7.2/junit-platform-engine-1.7.2.jar:/home/joao.weege/.m2/repository/org/mockito/mockito-core/3.9.0/mockito-core-3.9.0.jar:/home/joao.weege/.m2/repository/net/bytebuddy/byte-buddy/1.10.22/byte-buddy-1.10.22.jar:/home/joao.weege/.m2/repository/net/bytebuddy/byte-buddy-agent/1.10.22/byte-buddy-agent-1.10.22.jar:/home/joao.weege/.m2/repository/org/objenesis/objenesis/3.2/objenesis-3.2.jar:/home/joao.weege/.m2/repository/org/mockito/mockito-junit-jupiter/3.9.0/mockito-junit-jupiter-3.9.0.jar:/home/joao.weege/.m2/repository/org/skyscreamer/jsonassert/1.5.0/jsonassert-1.5.0.jar:/home/joao.weege/.m2/repository/com/vaadin/external/google/android-json/0.0.20131108.vaadin1/android-json-0.0.20131108.vaadin1.jar:/home/joao.weege/.m2/repository/org/springframework/spring-core/5.3.8/spring-core-5.3.8.jar:/home/joao.weege/.m2/repository/org/springframework/spring-jcl/5.3.8/spring-jcl-5.3.8.jar:/home/joao.weege/.m2/repository/org/springframework/spring-test/5.3.8/spring-test-5.3.8.jar:/home/joao.weege/.m2/repository/org/xmlunit/xmlunit-core/2.8.2/xmlunit-core-2.8.2.jar:/home/joao.weege/.m2/repository/org/springframework/security/spring-security-test/5.5.1/spring-security-test-5.5.1.jar:/home/joao.weege/.m2/repository/org/springframework/security/spring-security-core/5.5.1/spring-security-core-5.5.1.jar:/home/joao.weege/.m2/repository/org/jacoco/org.jacoco.agent/0.8.5/org.jacoco.agent-0.8.5-runtime.jar:/home/joao.weege/.m2/repository/org/projectlombok/lombok/1.18.20/lombok-1.18.20.jar:/home/joao.weege/.m2/repository/org/apache/commons/commons-lang3/3.12.0/commons-lang3-3.12.0.jar:/home/joao.weege/.m2/repository/com/google/code/gson/gson/2.8.7/gson-2.8.7.jar:/home/joao.weege/.m2/repository/org/springdoc/springdoc-openapi-ui/1.5.9/springdoc-openapi-ui-1.5.9.jar:/home/joao.weege/.m2/repository/org/springdoc/springdoc-openapi-webmvc-core/1.5.9/springdoc-openapi-webmvc-core-1.5.9.jar:/home/joao.weege/.m2/repository/org/springdoc/springdoc-openapi-common/1.5.9/springdoc-openapi-common-1.5.9.jar:/home/joao.weege/.m2/repository/io/swagger/core/v3/swagger-models/2.1.9/swagger-models-2.1.9.jar:/home/joao.weege/.m2/repository/io/swagger/core/v3/swagger-annotations/2.1.9/swagger-annotations-2.1.9.jar:/home/joao.weege/.m2/repository/io/swagger/core/v3/swagger-integration/2.1.9/swagger-integration-2.1.9.jar:/home/joao.weege/.m2/repository/io/swagger/core/v3/swagger-core/2.1.9/swagger-core-2.1.9.jar:/home/joao.weege/.m2/repository/com/fasterxml/jackson/dataformat/jackson-dataformat-yaml/2.12.3/jackson-dataformat-yaml-2.12.3.jar:/home/joao.weege/.m2/repository/jakarta/validation/jakarta.validation-api/2.0.2/jakarta.validation-api-2.0.2.jar:/home/joao.weege/.m2/repository/io/github/classgraph/classgraph/4.8.69/classgraph-4.8.69.jar:/home/joao.weege/.m2/repository/org/webjars/swagger-ui/3.49.0/swagger-ui-3.49.0.jar:/home/joao.weege/.m2/repository/org/webjars/webjars-locator-core/0.46/webjars-locator-core-0.46.jar:/home/joao.weege/.m2/repository/org/springframework/kafka/spring-kafka/2.7.3/spring-kafka-2.7.3.jar:/home/joao.weege/.m2/repository/org/springframework/spring-context/5.3.8/spring-context-5.3.8.jar:/home/joao.weege/.m2/repository/org/springframework/spring-messaging/5.3.8/spring-messaging-5.3.8.jar:/home/joao.weege/.m2/repository/org/springframework/spring-tx/5.3.8/spring-tx-5.3.8.jar:/home/joao.weege/.m2/repository/org/springframework/retry/spring-retry/1.3.1/spring-retry-1.3.1.jar:/home/joao.weege/.m2/repository/javax/annotation/javax.annotation-api/1.3.2/javax.annotation-api-1.3.2.jar:/home/joao.weege/.m2/repository/org/apache/kafka/kafka-clients/2.7.1/kafka-clients-2.7.1.jar:/home/joao.weege/.m2/repository/com/github/luben/zstd-jni/1.4.5-6/zstd-jni-1.4.5-6.jar:/home/joao.weege/.m2/repository/org/lz4/lz4-java/1.7.1/lz4-java-1.7.1.jar:/home/joao.weege/.m2/repository/org/jetbrains/kotlin/kotlin-stdlib/1.5.20/kotlin-stdlib-1.5.20.jar:/home/joao.weege/.m2/repository/org/jetbrains/annotations/13.0/annotations-13.0.jar:/home/joao.weege/.m2/repository/org/jetbrains/kotlin/kotlin-stdlib-common/1.5.20/kotlin-stdlib-common-1.5.20.jar:/home/joao.weege/.m2/repository/com/google/code/findbugs/jsr305/3.0.2/jsr305-3.0.2.jar:/home/joao.weege/.m2/repository/org/springframework/cloud/spring-cloud-stream-binder-kafka-streams/3.1.3/spring-cloud-stream-binder-kafka-streams-3.1.3.jar:/home/joao.weege/.m2/repository/org/springframework/cloud/spring-cloud-stream-binder-kafka-core/3.1.3/spring-cloud-stream-binder-kafka-core-3.1.3.jar:/home/joao.weege/.m2/repository/org/springframework/cloud/spring-cloud-stream/3.1.3/spring-cloud-stream-3.1.3.jar:/home/joao.weege/.m2/repository/org/springframework/boot/spring-boot-starter-validation/2.5.2/spring-boot-starter-validation-2.5.2.jar:/home/joao.weege/.m2/repository/org/hibernate/validator/hibernate-validator/6.2.0.Final/hibernate-validator-6.2.0.Final.jar:/home/joao.weege/.m2/repository/org/jboss/logging/jboss-logging/3.4.2.Final/jboss-logging-3.4.2.Final.jar:/home/joao.weege/.m2/repository/com/fasterxml/classmate/1.5.1/classmate-1.5.1.jar:/home/joao.weege/.m2/repository/org/springframework/integration/spring-integration-core/5.5.1/spring-integration-core-5.5.1.jar:/home/joao.weege/.m2/repository/io/projectreactor/reactor-core/3.4.7/reactor-core-3.4.7.jar:/home/joao.weege/.m2/repository/org/reactivestreams/reactive-streams/1.0.3/reactive-streams-1.0.3.jar:/home/joao.weege/.m2/repository/org/springframework/integration/spring-integration-jmx/5.5.1/spring-integration-jmx-5.5.1.jar:/home/joao.weege/.m2/repository/org/springframework/cloud/spring-cloud-function-context/3.1.3/spring-cloud-function-context-3.1.3.jar:/home/joao.weege/.m2/repository/net/jodah/typetools/0.6.2/typetools-0.6.2.jar:/home/joao.weege/.m2/repository/org/springframework/cloud/spring-cloud-function-core/3.1.3/spring-cloud-function-core-3.1.3.jar:/home/joao.weege/.m2/repository/org/springframework/integration/spring-integration-kafka/5.5.1/spring-integration-kafka-5.5.1.jar:/home/joao.weege/.m2/repository/org/apache/kafka/kafka-streams/2.7.1/kafka-streams-2.7.1.jar:/home/joao.weege/.m2/repository/org/apache/kafka/connect-json/2.7.1/connect-json-2.7.1.jar:/home/joao.weege/.m2/repository/org/apache/kafka/connect-api/2.7.1/connect-api-2.7.1.jar:/home/joao.weege/.m2/repository/org/rocksdb/rocksdbjni/5.18.4/rocksdbjni-5.18.4.jar:/home/joao.weege/.m2/repository/io/confluent/kafka-avro-serializer/5.2.0/kafka-avro-serializer-5.2.0.jar:/home/joao.weege/.m2/repository/io/confluent/kafka-schema-registry-client/5.2.0/kafka-schema-registry-client-5.2.0.jar:/home/joao.weege/.m2/repository/io/confluent/common-config/5.2.0/common-config-5.2.0.jar:/home/joao.weege/.m2/repository/io/confluent/common-utils/5.2.0/common-utils-5.2.0.jar:/home/joao.weege/.m2/repository/com/101tec/zkclient/0.10/zkclient-0.10.jar:/home/joao.weege/.m2/repository/io/confluent/kafka-streams-avro-serde/5.2.0/kafka-streams-avro-serde-5.2.0.jar:/home/joao.weege/.m2/repository/org/apache/avro/avro/1.8.2/avro-1.8.2.jar:/home/joao.weege/.m2/repository/org/codehaus/jackson/jackson-core-asl/1.9.13/jackson-core-asl-1.9.13.jar:/home/joao.weege/.m2/repository/org/codehaus/jackson/jackson-mapper-asl/1.9.13/jackson-mapper-asl-1.9.13.jar:/home/joao.weege/.m2/repository/com/thoughtworks/paranamer/paranamer/2.7/paranamer-2.7.jar:/home/joao.weege/.m2/repository/org/xerial/snappy/snappy-java/1.1.1.3/snappy-java-1.1.1.3.jar:/home/joao.weege/.m2/repository/org/apache/commons/commons-compress/1.8.1/commons-compress-1.8.1.jar:/home/joao.weege/.m2/repository/org/tukaani/xz/1.5/xz-1.5.jar:/home/joao.weege/.m2/repository/org/slf4j/slf4j-api/1.7.31/slf4j-api-1.7.31.jar:"/>
    <property name="sun.cpu.endian" value="little"/>
    <property name="user.home" value="/home/joao.weege"/>
    <property name="user.language" value="pt"/>
    <property name="java.specification.vendor" value="Oracle Corporation"/>
    <property name="java.version.date" value="2021-04-20"/>
    <property name="java.home" value="/usr/lib/jvm/java-11-openjdk-amd64"/>
    <property name="file.separator" value="/"/>
    <property name="basedir" value="/home/joao.weege/Documentos/workspace/concilia-lancamento"/>
    <property name="java.vm.compressedOopsMode" value="Zero based"/>
    <property name="line.separator" value="&#10;"/>
    <property name="java.specification.name" value="Java Platform API Specification"/>
    <property name="java.vm.specification.vendor" value="Oracle Corporation"/>
    <property name="java.awt.graphicsenv" value="sun.awt.X11GraphicsEnvironment"/>
    <property name="surefire.real.class.path" value="/home/joao.weege/Documentos/workspace/concilia-lancamento/target/surefire/surefirebooter6659966623916041635.jar"/>
    <property name="sun.management.compiler" value="HotSpot 64-Bit Tiered Compilers"/>
    <property name="java.runtime.version" value="11.0.11+9-Ubuntu-0ubuntu2.20.04"/>
    <property name="user.name" value="joao.weege"/>
    <property name="path.separator" value=":"/>
    <property name="os.version" value="5.8.0-63-generic"/>
    <property name="java.runtime.name" value="OpenJDK Runtime Environment"/>
    <property name="file.encoding" value="UTF-8"/>
    <property name="java.vm.name" value="OpenJDK 64-Bit Server VM"/>
    <property name="localRepository" value="/home/joao.weege/.m2/repository"/>
    <property name="java.vendor.url.bug" value="https://bugs.launchpad.net/ubuntu/+source/openjdk-lts"/>
    <property name="java.io.tmpdir" value="/tmp"/>
    <property name="java.version" value="11.0.11"/>
    <property name="user.dir" value="/home/joao.weege/Documentos/workspace/concilia-lancamento"/>
    <property name="os.arch" value="amd64"/>
    <property name="java.vm.specification.name" value="Java Virtual Machine Specification"/>
    <property name="java.awt.printerjob" value="sun.print.PSPrinterJob"/>
    <property name="sun.os.patch.level" value="unknown"/>
    <property name="java.library.path" value="/usr/java/packages/lib:/usr/lib/x86_64-linux-gnu/jni:/lib/x86_64-linux-gnu:/usr/lib/x86_64-linux-gnu:/usr/lib/jni:/lib:/usr/lib"/>
    <property name="java.vm.info" value="mixed mode, sharing"/>
    <property name="java.vendor" value="Ubuntu"/>
    <property name="java.vm.version" value="11.0.11+9-Ubuntu-0ubuntu2.20.04"/>
    <property name="sun.io.unicode.encoding" value="UnicodeLittle"/>
    <property name="java.class.version" value="55.0"/>
  </properties>
  <testcase name="quandoBuscarComSucesso_deveRetornarLancamentoLogMov" classname="br.com.veloe.mecanicafinanceira.concilialancamento.core.service.impl.MFCyberClientServiceImplTest" time="0.718">
    <error message="&#10;Strict stubbing argument mismatch. Please check:&#10; - this invocation of &apos;getForEntity&apos; method:&#10;    restTemplate.getForEntity(&#10;    &quot;null/api/v1/lancamento-aprovisionado?idCyber={idCyber}&amp;idConta={idConta}&amp;idTransacao={idTransacao}&quot;,&#10;    class br.com.veloe.mecanicafinanceira.concilialancamento.core.domain.Lancamento,&#10;    &quot;2&quot;,&#10;    &quot;123456&quot;,&#10;    &quot;5bf6b93a-7648-4545-9689-1ba32fc04bfd&quot;&#10;);&#10;    -&gt; at br.com.veloe.mecanicafinanceira.concilialancamento.core.service.impl.MFCyberClientServiceImpl.buscarLancamentoLogMov(MFCyberClientServiceImpl.java:36)&#10; - has following stubbing(s) with different arguments:&#10;    1. restTemplate.getForEntity(&#10;    &quot;null/api/v1/logmov?idCyber={idCyber}&amp;idConta={idConta}&amp;idTransacao={idTransacao}&quot;,&#10;    class br.com.veloe.mecanicafinanceira.concilialancamento.core.domain.Lancamento,&#10;    &quot;2&quot;,&#10;    &quot;123456&quot;,&#10;    &quot;5bf6b93a-7648-4545-9689-1ba32fc04bfd&quot;&#10;);&#10;      -&gt; at br.com.veloe.mecanicafinanceira.concilialancamento.core.service.impl.MFCyberClientServiceImplTest.quandoBuscarComSucesso_deveRetornarLancamentoLogMov(MFCyberClientServiceImplTest.java:58)&#10;Typically, stubbing argument mismatch indicates user mistake when writing tests.&#10;Mockito fails early so that you can debug potential problem easily.&#10;However, there are legit scenarios when this exception generates false negative signal:&#10;  - stubbing the same method multiple times using &apos;given().will()&apos; or &apos;when().then()&apos; API&#10;    Please use &apos;will().given()&apos; or &apos;doReturn().when()&apos; API for stubbing.&#10;  - stubbed method is intentionally invoked with different arguments by code under test&#10;    Please use default or &apos;silent&apos; JUnit Rule (equivalent of Strictness.LENIENT).&#10;For more information see javadoc for PotentialStubbingProblem class." type="org.mockito.exceptions.misusing.PotentialStubbingProblem"><![CDATA[org.mockito.exceptions.misusing.PotentialStubbingProblem: 

Strict stubbing argument mismatch. Please check:
 - this invocation of 'getForEntity' method:
    restTemplate.getForEntity(
    "null/api/v1/lancamento-aprovisionado?idCyber={idCyber}&idConta={idConta}&idTransacao={idTransacao}",
    class br.com.veloe.mecanicafinanceira.concilialancamento.core.domain.Lancamento,
    "2",
    "123456",
    "5bf6b93a-7648-4545-9689-1ba32fc04bfd"
);
    -> at br.com.veloe.mecanicafinanceira.concilialancamento.core.service.impl.MFCyberClientServiceImpl.buscarLancamentoLogMov(MFCyberClientServiceImpl.java:36)
 - has following stubbing(s) with different arguments:
    1. restTemplate.getForEntity(
    "null/api/v1/logmov?idCyber={idCyber}&idConta={idConta}&idTransacao={idTransacao}",
    class br.com.veloe.mecanicafinanceira.concilialancamento.core.domain.Lancamento,
    "2",
    "123456",
    "5bf6b93a-7648-4545-9689-1ba32fc04bfd"
);
      -> at br.com.veloe.mecanicafinanceira.concilialancamento.core.service.impl.MFCyberClientServiceImplTest.quandoBuscarComSucesso_deveRetornarLancamentoLogMov(MFCyberClientServiceImplTest.java:58)
Typically, stubbing argument mismatch indicates user mistake when writing tests.
Mockito fails early so that you can debug potential problem easily.
However, there are legit scenarios when this exception generates false negative signal:
  - stubbing the same method multiple times using 'given().will()' or 'when().then()' API
    Please use 'will().given()' or 'doReturn().when()' API for stubbing.
  - stubbed method is intentionally invoked with different arguments by code under test
    Please use default or 'silent' JUnit Rule (equivalent of Strictness.LENIENT).
For more information see javadoc for PotentialStubbingProblem class.
	at br.com.veloe.mecanicafinanceira.concilialancamento.core.service.impl.MFCyberClientServiceImplTest.quandoBuscarComSucesso_deveRetornarLancamentoLogMov(MFCyberClientServiceImplTest.java:64)
]]></error>
    <system-out><![CDATA[10:45:20.985 [main] INFO br.com.veloe.mecanicafinanceira.concilialancamento.core.service.impl.MFCyberClientServiceImpl - Buscando por lançamento
]]></system-out>
  </testcase>
  <testcase name="quandoNaoEncontrar_deveLancarLancamentoNaoEncontradoException" classname="br.com.veloe.mecanicafinanceira.concilialancamento.core.service.impl.MFCyberClientServiceImplTest" time="0.162">
    <failure message="&#10;Expecting actual throwable to be an instance of:&#10;  br.com.veloe.mecanicafinanceira.concilialancamento.core.exception.LancamentoNaoEncontradoException&#10;but was:&#10;  org.mockito.exceptions.misusing.PotentialStubbingProblem: &#10;Strict stubbing argument mismatch. Please check:&#10; - this invocation of &apos;getForEntity&apos; method:&#10;    restTemplate.getForEntity(&#10;    &quot;null/api/v1/lancamento-aprovisionado?idCyber={idCyber}&amp;idConta={idConta}&amp;idTransacao={idTransacao}&quot;,&#10;    class br.com.veloe.mecanicafinanceira.concilialancamento.core.domain.Lancamento,&#10;    &quot;2&quot;,&#10;    &quot;123456&quot;,&#10;    &quot;5bf6b93a-7648-4545-9689-1ba32fc04bfd&quot;&#10;);&#10;    -&gt; at br.com.veloe.mecanicafinanceira.concilialancamento.core.service.impl.MFCyberClientServiceImpl.buscarLancamentoLogMov(MFCyberClientServiceImpl.java:36)&#10; - has following stubbing(s) with different arguments:&#10;    1. restTemplate.getForEntity(&#10;    &quot;null/api/v1/logmov?idCyber={idCyber}&amp;idConta={idConta}&amp;idTransacao={idTransacao}&quot;,&#10;    class br.com.veloe.mecanicafinanceira.concilialancamento.core.domain.Lancamento,&#10;    &quot;2&quot;,&#10;    &quot;123456&quot;,&#10;    &quot;5bf6b93a-7648-4545-9689-1ba32fc04bfd&quot;&#10;);&#10;      -&gt; at br.com.veloe.mecanicafinanceira.concilialancamento.core.service.impl.MFCyberClientServiceImplTest.quandoNaoEncontrar_deveLancarLancamentoNaoEncontradoException(MFCyberClientServiceImplTest.java:79)&#10;Typically, stubbing argument mismatch indicates user mistake when writing tests.&#10;Mockito fails early so that you can debug potential problem easily.&#10;However, there are legit scenarios when this exception generates false negative signal:&#10;  - stubbing the same method multiple times using &apos;given().will()&apos; or &apos;when().then()&apos; API&#10;    Please use &apos;will().given()&apos; or &apos;doReturn().when()&apos; API for stubbing.&#10;  - stubbed method is intentionally invoked with different arguments by code under test&#10;    Please use default or &apos;silent&apos; JUnit Rule (equivalent of Strictness.LENIENT).&#10;For more information see javadoc for PotentialStubbingProblem class.&#10;	at br.com.veloe.mecanicafinanceira.concilialancamento.core.service.impl.MFCyberClientServiceImpl.buscarLancamentoLogMov(MFCyberClientServiceImpl.java:36)&#10;	at br.com.veloe.mecanicafinanceira.concilialancamento.core.service.impl.MFCyberClientServiceImplTest.lambda$quandoNaoEncontrar_deveLancarLancamentoNaoEncontradoException$0(MFCyberClientServiceImplTest.java:83)&#10;	at org.assertj.core.api.ThrowableAssert.catchThrowable(ThrowableAssert.java:62)&#10;	...(69 remaining lines not displayed - this can be changed with Assertions.setMaxStackTraceElementsDisplayed)" type="java.lang.AssertionError"><![CDATA[java.lang.AssertionError: 

Expecting actual throwable to be an instance of:
  br.com.veloe.mecanicafinanceira.concilialancamento.core.exception.LancamentoNaoEncontradoException
but was:
  org.mockito.exceptions.misusing.PotentialStubbingProblem: 
Strict stubbing argument mismatch. Please check:
 - this invocation of 'getForEntity' method:
    restTemplate.getForEntity(
    "null/api/v1/lancamento-aprovisionado?idCyber={idCyber}&idConta={idConta}&idTransacao={idTransacao}",
    class br.com.veloe.mecanicafinanceira.concilialancamento.core.domain.Lancamento,
    "2",
    "123456",
    "5bf6b93a-7648-4545-9689-1ba32fc04bfd"
);
    -> at br.com.veloe.mecanicafinanceira.concilialancamento.core.service.impl.MFCyberClientServiceImpl.buscarLancamentoLogMov(MFCyberClientServiceImpl.java:36)
 - has following stubbing(s) with different arguments:
    1. restTemplate.getForEntity(
    "null/api/v1/logmov?idCyber={idCyber}&idConta={idConta}&idTransacao={idTransacao}",
    class br.com.veloe.mecanicafinanceira.concilialancamento.core.domain.Lancamento,
    "2",
    "123456",
    "5bf6b93a-7648-4545-9689-1ba32fc04bfd"
);
      -> at br.com.veloe.mecanicafinanceira.concilialancamento.core.service.impl.MFCyberClientServiceImplTest.quandoNaoEncontrar_deveLancarLancamentoNaoEncontradoException(MFCyberClientServiceImplTest.java:79)
Typically, stubbing argument mismatch indicates user mistake when writing tests.
Mockito fails early so that you can debug potential problem easily.
However, there are legit scenarios when this exception generates false negative signal:
  - stubbing the same method multiple times using 'given().will()' or 'when().then()' API
    Please use 'will().given()' or 'doReturn().when()' API for stubbing.
  - stubbed method is intentionally invoked with different arguments by code under test
    Please use default or 'silent' JUnit Rule (equivalent of Strictness.LENIENT).
For more information see javadoc for PotentialStubbingProblem class.
	at br.com.veloe.mecanicafinanceira.concilialancamento.core.service.impl.MFCyberClientServiceImpl.buscarLancamentoLogMov(MFCyberClientServiceImpl.java:36)
	at br.com.veloe.mecanicafinanceira.concilialancamento.core.service.impl.MFCyberClientServiceImplTest.lambda$quandoNaoEncontrar_deveLancarLancamentoNaoEncontradoException$0(MFCyberClientServiceImplTest.java:83)
	at org.assertj.core.api.ThrowableAssert.catchThrowable(ThrowableAssert.java:62)
	...(69 remaining lines not displayed - this can be changed with Assertions.setMaxStackTraceElementsDisplayed)
	at br.com.veloe.mecanicafinanceira.concilialancamento.core.service.impl.MFCyberClientServiceImplTest.quandoNaoEncontrar_deveLancarLancamentoNaoEncontradoException(MFCyberClientServiceImplTest.java:83)
]]></failure>
    <system-out><![CDATA[10:45:21.158 [main] INFO br.com.veloe.mecanicafinanceira.concilialancamento.core.service.impl.MFCyberClientServiceImpl - Buscando por lançamento
]]></system-out>
  </testcase>
</testsuite>